      Index       Date      Time  3  4  5  6   7  8  9  10  11  12  13  14  15  16  17  18  19  20  21  22  23  24  25  26  27  28  29  30  31  32  33  34  35  36  37  38  39  40  41
0       576  16 Jul 20  00:00:00  1  0  1  0  Ct  0  0   0   0   0   0   0   0   0   0   0   0   0   0   0   0   0   0   0   0   0   0   1   0   0   0   0   0   0   0   0   0   7   0
1       577  16 Jul 20  00:01:00  1  0  1  0  Ct  0  0   0   0   0   0   0   0   0   0   0   0   0   0   0   0   0   0   0   0   0   0   6   0   0   0   0   0   0   0   0   0   0   0
2       578  16 Jul 20  00:02:00  1  0  1  0  Ct  0  0   0   0   0   0   0   0   0   0   0   0   0   0   0   0   0   0   0   0   0   0   0   0   0   0   0   0   0   0   0   0   0   0
3       579  16 Jul 20  00:03:00  1  0  1  0  Ct  0  0   0   0   0   0   0   0   0   0   0   0   0   0   0   0   0   0   0   0   0   0   3   0   0   0   0   0   0   0   0   0   5   0
4       580  16 Jul 20  00:04:00  1  0  1  0  Ct  0  0   0   0   0   0   0   0   0   0   0   0   0   0   0   0   0   0   0   0   0   0   4   0   0   0   0   0   0   0   0   0   0   0
...     ...        ...       ... .. .. .. ..  .. .. ..  ..  ..  ..  ..  ..  ..  ..  ..  ..  ..  ..  ..  ..  ..  ..  ..  ..  ..  ..  ..  ..  ..  ..  ..  ..  ..  ..  ..  ..  ..  ..  ..
8635   9211  21 Jul 20  23:55:00  1  0  1  0  Ct  0  0   0   0   0   0   0   0   0   0   0   0   0   0   0   0   0   0   0   0   0   0   0   0   0   0   0   0   0   0   0   0   0   0
8636   9212  21 Jul 20  23:56:00  1  0  1  0  Ct  0  0   0   0   0   0   0   0   0   0   0   0   0   0   0   0   0   0   0   0   0   0   0   0   0   0   0   0   4   0   0   0   0   0
8637   9213  21 Jul 20  23:57:00  1  0  1  0  Ct  0  0   0   0   0   0   0   0   0   0   0   0   0   0   0   0   0   0   0   0   0   0   0   0   0   0   0   0   0   0   0   0   0   0
8638   9214  21 Jul 20  23:58:00  1  0  1  0  Ct  0  0   0   0   0   0   0   0   0   0   0   0   0   0   0   0   0   0   0   0   0   0   0   0   0   0   0   0   0   0   0   0   0   0
8639   9215  21 Jul 20  23:59:00  1  0  1  0  Ct  0  0   0   0   0   0   0   0   0   0   0   0   0   0   0   1   0   0   0   0   0   0   0   0   0   0   0   0   0   0   0   0   0   0

[8640 rows x 42 columns]
      Index       Date      Time  3  4   5  6   7  8  9  10  11  12  13  14  15  16  17  18  19  20  21  22  23  24  25  26  27  28  29  30  31  32  33  34  35  36  37  38  39  40  41
0       576  16 Jul 20  00:00:00  1  0  10  0  Ct  0  0   0   0   0   0   0   0   0   0   0   0   0   0   0   0   0   1   0   0   0   0   0   0   0   0   0   0   0   0   0   0   0   0
1       577  16 Jul 20  00:01:00  1  0  10  0  Ct  0  0   0   0   0   0   0   0   0   0   0   0   5   0   0   0   0   0   0   0   0   0   0   0   0   0   0   0   0   0   0   0   0   0
2       578  16 Jul 20  00:02:00  1  0  10  0  Ct  0  0   0   0   0   0   0   0   4   0   0   0  14   0   0   0   0  10   0   0   0   0   0   0   0   0   0   0   0   0   0   0   0   0
3       579  16 Jul 20  00:03:00  1  0  10  0  Ct  0  0   0   0   0   0   0   0   5   0   0   0   0   0   0   0   0   0   0   0   0   0   0   0   0   0   0   0   0   0   0   0   0   0
4       580  16 Jul 20  00:04:00  1  0  10  0  Ct  0  0   0   0   0   0   0   0   1   0   0   0   0   0   0   0   0   0   0   0   0   0   0   0   0   0   0   0   0   0   0   0   0   0
...     ...        ...       ... .. ..  .. ..  .. .. ..  ..  ..  ..  ..  ..  ..  ..  ..  ..  ..  ..  ..  ..  ..  ..  ..  ..  ..  ..  ..  ..  ..  ..  ..  ..  ..  ..  ..  ..  ..  ..  ..
8635   9211  21 Jul 20  23:55:00  1  0  10  0  Ct  0  0   0   0   0   0   0   0   0   0   0   0   0   0   0   0   0   0   0   0   0   0   0   0   0   0   0   0   0   0   0   0   0   0
8636   9212  21 Jul 20  23:56:00  1  0  10  0  Ct  0  0   0   0   0   0   0   0   0   0   0   0   0   0   0   0   0   0   0   0   0   0   0   0   0   0   0   0   0   0   0   0   0   0
8637   9213  21 Jul 20  23:57:00  1  0  10  0  Ct  0  0   0   0   0   0   0   0   0   0   0   0   0   0   0   0   4   0   0   0   0   0   0   0   0   0   0   0   0   0   0   0   0   0
8638   9214  21 Jul 20  23:58:00  1  0  10  0  Ct  0  0   0   0   0   0   0   0   0   0   0   0   0   0   0   0   0   0   0   0   0   0   0   0   0   2   0   0   0   0   0   0   0   0
8639   9215  21 Jul 20  23:59:00  1  0  10  0  Ct  0  0   0   0   0   0   0   0   0   0   0   0   0   0   0   0   0   0   0   0   0   0   0   2   0   0   0   0   0   0   0   0   0   0

[8640 rows x 42 columns]
      Index       Date      Time  3  4   5  6   7  8  9  10  11  12  13  14  15  16  17  18  19  20  21  22  23  24  25  26  27  28  29  30  31  32  33  34  35  36  37  38  39  40  41
0       576  16 Jul 20  00:00:00  1  0  11  0  Ct  0  0   0   4   0   0   9   0   0   0   0   0   0   2  11   0   0   0   0   0   0   0   0   2   0   0   0   0   0   0   0   0   0   0
1       577  16 Jul 20  00:01:00  1  0  11  0  Ct  0  0   0   5   0   0   4   0   0   0   0   0   0   3  17   0   0   0   0   0   0   0   0   0   0   0   0   0   0   0   0   0   0   0
2       578  16 Jul 20  00:02:00  1  0  11  0  Ct  0  0   0   1   0   0   3   0   0   0   0   0   0   4   0   0   0   0   0   0   0   0   0   2   0   0   0   0   0   0   0   0   0   0
3       579  16 Jul 20  00:03:00  1  0  11  0  Ct  0  0   0   1   0   0   3   0   0   0   0   0   0   3   0   0   0   0   0   0   0   0   0   0   0   0   0   0   0   0   0   0   0   0
4       580  16 Jul 20  00:04:00  1  0  11  0  Ct  0  0   0   3   0   0   2   0   0   0   0   0   0   3   0   0   0   0   0   0   0   0   0   0   0   0   0   0   0   0   0   0   0   0
...     ...        ...       ... .. ..  .. ..  .. .. ..  ..  ..  ..  ..  ..  ..  ..  ..  ..  ..  ..  ..  ..  ..  ..  ..  ..  ..  ..  ..  ..  ..  ..  ..  ..  ..  ..  ..  ..  ..  ..  ..
8635   9211  21 Jul 20  23:55:00  1  0  11  0  Ct  0  0   0   0   0   0   0   0   0   0   0   0   0   0   0   0   0   0   0   0   0   0   0   0   0   0   0   0   0   0   0   0   0   0
8636   9212  21 Jul 20  23:56:00  1  0  11  0  Ct  0  0   0   0   0   0   0   0   0   0   0   0   0   0   0   0   0   0   0   0   0   0   0   0  12   0   0   0   0   0   0   0   0   0
8637   9213  21 Jul 20  23:57:00  1  0  11  0  Ct  0  0   0   0   0   0   0   0   0   0   0   0   0   0   0   0   0   0   0   0   0   0   0   0   6   0   0   0   1   0   0   0   0   0
8638   9214  21 Jul 20  23:58:00  1  0  11  0  Ct  0  0   0   0   0   0   0   0   0   0   0   0   0   1   0   0   0   0   0   0   0   0   0   0   0   0   0   0   0   0   0   0   0   0
8639   9215  21 Jul 20  23:59:00  1  0  11  0  Ct  0  0   0   0   0   0   0   0   0   0   0   0   0   1   0   0   0   0   0   0   0   0   0   0   0   0   0   0   0   0   0   0   0   0

[8640 rows x 42 columns]
      Index       Date      Time  3  4   5  6   7  8  9  10  11  12  13  14  15  16  17  18  19  20  21  22  23  24  25  26  27  28  29  30  31  32  33  34  35  36  37  38  39  40  41
0       576  16 Jul 20  00:00:00  1  0  12  0  Ct  0  0   0   0   0   0   0   0   0   0   0   0   0   0   2   0   0   0   0   0   0   0   0   0   0   0   0   0   0   0   0   0   0   0
1       577  16 Jul 20  00:01:00  1  0  12  0  Ct  0  0   0   0   0   0   0   0   0   0   0   0   0   0   0   0   0   0   0   0   0   0   0   0   0   0   0   0   0   0   0   0   0   0
2       578  16 Jul 20  00:02:00  1  0  12  0  Ct  0  0   0   0   0   0   0   0   0   0   0   0   0   0   2   0   0   0   0   0   0   4   0   0   0   0   0   0   0   0   0   0   0   0
3       579  16 Jul 20  00:03:00  1  0  12  0  Ct  0  0   0   6   0   0   0   0   0   0   0   0   0   0   0   0   0   0   0   0   0   0   0   0   0   0   0   0   0   0   0   0   0   0
4       580  16 Jul 20  00:04:00  1  0  12  0  Ct  0  0   0   0   0   0   0   0   0   0   0   0   0   0   1   0   0   0   0   0   0   0   0   0   0   0   0   0   0   0   0   0   0   0
...     ...        ...       ... .. ..  .. ..  .. .. ..  ..  ..  ..  ..  ..  ..  ..  ..  ..  ..  ..  ..  ..  ..  ..  ..  ..  ..  ..  ..  ..  ..  ..  ..  ..  ..  ..  ..  ..  ..  ..  ..
8635   9211  21 Jul 20  23:55:00  1  0  12  0  Ct  0  0   0   0   0   0   0   0   0   0   0   0   0   0   0   0   0   0   0   0   0   0   0   0   0   0   0   0   0   0   0   0   0   0
8636   9212  21 Jul 20  23:56:00  1  0  12  0  Ct  0  0   0   0   0   0   0   0   0   0   0   0   0   0   0   0   0   0   0   0   0   0   0   0   0   0   0   0   0   0   0   0   0   0
8637   9213  21 Jul 20  23:57:00  1  0  12  0  Ct  0  0   0   0   0   0   0   0   0   0   0   0   0   0   0   0   0   0   0   0   0   0   0   0   0   0   0   0   0   0   0   0   0   0
8638   9214  21 Jul 20  23:58:00  1  0  12  0  Ct  0  0   0   0   0   0   0   0   0   0   0   0   0   0   0   0   0   0   0   0   0   0   0   0   0   0   0   0   0   0   0   0   0   0
8639   9215  21 Jul 20  23:59:00  1  0  12  0  Ct  0  0   0   0   0   0   0   0   0   0   0   0   0   0   0   0   0   0   0   0   0   0   0   0   0   0   0   0   0   0   0   0   0   0

[8640 rows x 42 columns]
      Index       Date      Time  3  4  5  6   7  8  9  10  11  12  13  14  15  16  17  18  19  20  21  22  23  24  25  26  27  28  29  30  31  32  33  34  35  36  37  38  39  40  41
0       576  16 Jul 20  00:00:00  1  0  2  0  Ct  0  0   0   0   0   0   0   0   0   0   0   0   0   2   0   0   0   3   0   0   0   0   0   0   0   0   0   0   0   0   0   0   0   1
1       577  16 Jul 20  00:01:00  1  0  2  0  Ct  0  0   1   0   0   0   0   0   0   0   0   0   0   4   0   0   0   0   0   0   0   0   0   0   0   0   0   0   0   0   0   0   0   4
2       578  16 Jul 20  00:02:00  1  0  2  0  Ct  0  0   0   0   0   0   0   0   0   0   0   0   0   2   0   0   0   4   0   0   0   0   0   0   0   0   0   0   0   0   0   0   0   0
3       579  16 Jul 20  00:03:00  1  0  2  0  Ct  0  0   1   0   0   0   0   0   0   0   0   0   0   6   0   0   0   1   0   0   0   0   0   0   0   0   0   0   0   0   0   0   0   2
4       580  16 Jul 20  00:04:00  1  0  2  0  Ct  0  0   0   0   0   0   0   0   0   0   0   0   0   3   0   0   0   2   0   0   0   0   0   0   0   0   0   0   0   0   0   0   0   2
...     ...        ...       ... .. .. .. ..  .. .. ..  ..  ..  ..  ..  ..  ..  ..  ..  ..  ..  ..  ..  ..  ..  ..  ..  ..  ..  ..  ..  ..  ..  ..  ..  ..  ..  ..  ..  ..  ..  ..  ..
8635   9211  21 Jul 20  23:55:00  1  0  2  0  Ct  0  0   0   0   0   0   0   0   0   0   0   0   0   0   0   3   0   0   0   0   0   0   0   0   0   0   0   0   0   0   0   0   0   0
8636   9212  21 Jul 20  23:56:00  1  0  2  0  Ct  0  0   0   0   0   0   0   0   0   0   0   0   0   0   0   2   0   0   0   0   0   0   0   0   0   0   0   0   0   0   0   0   0   0
8637   9213  21 Jul 20  23:57:00  1  0  2  0  Ct  0  0   0   0   0   0   0   0   0   0   0   0   0   0   0   2   0   0   0   0   0   0   0   0   0   0   0   0   0   0   0   0   0   0
8638   9214  21 Jul 20  23:58:00  1  0  2  0  Ct  0  0   0   0   0   0   0   0   0   0   0   0   0   0   0   2   0   0   0   0   0   0   0   0   0   0   0   0   0   0   0   0   0   0
8639   9215  21 Jul 20  23:59:00  1  0  2  0  Ct  0  0   0   0   0   0   0   0   0   0   0   0   0   0   0   3   0   0   0   0   0   0   0   0   0   0   0   0   1   0   0   0   0   0

[8640 rows x 42 columns]
      Index       Date      Time  3  4  5  6   7  8  9  10  11  12  13  14  15  16  17  18  19  20  21  22  23  24  25  26  27  28  29  30  31  32  33  34  35  36  37  38  39  40  41
0       576  16 Jul 20  00:00:00  1  0  3  0  Ct  0  0   0   0   0   0   0   0   0   0   0   0   0   0   0   0   0   0   0   0   0   0   0   0   0   0   0   0   0   0   0   2   0   0
1       577  16 Jul 20  00:01:00  1  0  3  0  Ct  0  0   0   0   0   0   0   0   0   0   0   0   0   0   0   0   0   0   0   0   0   0   0   0   0   0   0   0   0   0   0   9   0   0
2       578  16 Jul 20  00:02:00  1  0  3  0  Ct  0  0   0   0   0   0   0   0   0   0   0   0   0   0   0   0   0   0   0   0   0   0   0   0   0   0   0   0   0   0   0   1   0   0
3       579  16 Jul 20  00:03:00  1  0  3  0  Ct  0  0   0   0   0   0   0   0   0   0   0   0   0   0   0   0   0   0   0   0   0   0   0   0   0   0   0   0   0   0   0   1   0   0
4       580  16 Jul 20  00:04:00  1  0  3  0  Ct  0  0   0   0   0   0   0   0   0   0   0   0   0   0   0   0   0   0   0   0   0   0   0   0   0   0   0   0   0   0   0   1   0   0
...     ...        ...       ... .. .. .. ..  .. .. ..  ..  ..  ..  ..  ..  ..  ..  ..  ..  ..  ..  ..  ..  ..  ..  ..  ..  ..  ..  ..  ..  ..  ..  ..  ..  ..  ..  ..  ..  ..  ..  ..
8635   9211  21 Jul 20  23:55:00  1  0  3  0  Ct  0  0   0   0   0   0   0   0   0   0   0   0   0   0   0   0   0   0   0   0   0   0   0   1  13   0   0   0   0   0   0   0   0   0
8636   9212  21 Jul 20  23:56:00  1  0  3  0  Ct  0  0   0   0   0   0   0   0   0   0   0   0   0   0   0   0   0   0   0   0   0   0   0   0   2   0   0   0   0   0   0   0   0   0
8637   9213  21 Jul 20  23:57:00  1  0  3  0  Ct  0  0   0   0   0   0   0   0   0   0   0   0   0   0   0   1   0   0   0   0   0   0   0   0   2   0   0   0   0   0   0   0   0   0
8638   9214  21 Jul 20  23:58:00  1  0  3  0  Ct  0  0   0   0   0   0   1   0   0   0   0   0   0   0   0   0   0   0   0   0   0   0   0   0   0   0   0   0   0   0   0   0   0   0
8639   9215  21 Jul 20  23:59:00  1  0  3  0  Ct  0  0   0   0   0   0   1   0   0   0   0   0   0   0   0   0   0   0   0   0   0   0   0   0   0   0   0   0   0   0   0   0   0   0

[8640 rows x 42 columns]
      Index       Date      Time  3  4  5  6   7  8  9  10  11  12  13  14  15  16  17  18  19  20  21  22  23  24  25  26  27  28  29  30  31  32  33  34  35  36  37  38  39  40  41
0       576  16 Jul 20  00:00:00  1  0  4  0  Ct  0  0   0   0   0   0   0   0   0   0   0   0   0   0   0   0   0   0   0   0   0   0   0   0   0   0   0   0   0   0   0   0   0   0
1       577  16 Jul 20  00:01:00  1  0  4  0  Ct  0  0   0   0   0   0   0   0   0   0   0   0   0   8   0   0   0   0   0   0   0   0   0   0   0   0   0   0   0   0   0   0   0   0
2       578  16 Jul 20  00:02:00  1  0  4  0  Ct  0  0   0   0   0   3   0   0   0   0   0   0   0   1   0   0   0   0   0   0   0   0   0   0   0   0   0   0   0   0   0   0   0   0
3       579  16 Jul 20  00:03:00  1  0  4  0  Ct  0  0   0   0   0   0   0   0   0   0   0   0   0   3   0   0   0   0   0   0   0   0   0   0   0   0   0   0   0   0   0   0   0   0
4       580  16 Jul 20  00:04:00  1  0  4  0  Ct  0  0   0   0   0   2   0   1   0   0   0   0   0  13   0   0   0   0   0   0   0   0   0   0   0   0   0   0   0   0   0   0   0   0
...     ...        ...       ... .. .. .. ..  .. .. ..  ..  ..  ..  ..  ..  ..  ..  ..  ..  ..  ..  ..  ..  ..  ..  ..  ..  ..  ..  ..  ..  ..  ..  ..  ..  ..  ..  ..  ..  ..  ..  ..
8635   9211  21 Jul 20  23:55:00  1  0  4  0  Ct  0  0   0   0   0   0   0   0   0   0   0   0   0   0   0   0   0   0   0   0   0   0   0   0   0   0   0   0   0   0   0   0   0   0
8636   9212  21 Jul 20  23:56:00  1  0  4  0  Ct  0  0   2   0   0   0   0   0   0   0   0   0   0   0   0   0   1   0   0   0   0   0   0   0   0   0   0   0   0   0   0   0   0   0
8637   9213  21 Jul 20  23:57:00  1  0  4  0  Ct  0  0   0   0   0   0   0   0   0   0   0   0   0   0   0   0   2   0   0   0   0   0   0   0   0   0   0   0   0   0   0   0   0   0
8638   9214  21 Jul 20  23:58:00  1  0  4  0  Ct  0  0   0   0   0   0   0   0   0   0   0   0   0   0   0   0   4   0   0   0   0   0   0   0   0   0   0   0   0   0   0   0   0   0
8639   9215  21 Jul 20  23:59:00  1  0  4  0  Ct  0  0   0   0   0   0   0   0   0   0   0   0   0   0   0   0   8   0   0   0   0   0   0   0   0   0   0   0   0   1   0   0   2   0

[8640 rows x 42 columns]
      Index       Date      Time  3  4  5  6   7  8  9  10  11  12  13  14  15  16  17  18  19  20  21  22  23  24  25  26  27  28  29  30  31  32  33  34  35  36  37  38  39  40  41
0       576  16 Jul 20  00:00:00  1  0  5  0  Ct  0  0   0   0   0   0   0   0   0   0   0   0   0   0   0   0   0   0   0   0   0   0   0   0   0   0   0   0   0   0   0   0   0   0
1       577  16 Jul 20  00:01:00  1  0  5  0  Ct  0  0   0   0   0   0   0   0   0   0   0   0   0   0   0   0   0   0   0   0   0   0   0   0   0   0   0   0   0   0   0   0   0   0
2       578  16 Jul 20  00:02:00  1  0  5  0  Ct  0  0   0   0   0   0   0   0   0   0   0   0   0   0   0   0   0   0   0   0   0   0   0   0   0   0   0   0   0   0   0   0   0  10
3       579  16 Jul 20  00:03:00  1  0  5  0  Ct  0  0   0   0   0   0   0   0   0   0   0   0   0   0   0   0   0   0   0   0   0   0   0   0   0   0   0   0   0   0   0   0   0  25
4       580  16 Jul 20  00:04:00  1  0  5  0  Ct  0  0   1   0   0   0   0   0   0   0   0   0   0   0   0   0   0   0   0   0   0   0   0   0   0   0   0   0   0   0   0   0   0   6
...     ...        ...       ... .. .. .. ..  .. .. ..  ..  ..  ..  ..  ..  ..  ..  ..  ..  ..  ..  ..  ..  ..  ..  ..  ..  ..  ..  ..  ..  ..  ..  ..  ..  ..  ..  ..  ..  ..  ..  ..
8635   9211  21 Jul 20  23:55:00  1  0  5  0  Ct  0  0   0   0   0   0   0   0   0   0   0   0   0   0   0   0   0   0   0   0   0   0   0   0   0   0   0   0   0   0   0   0   0   0
8636   9212  21 Jul 20  23:56:00  1  0  5  0  Ct  0  0   0   0   0   0   0   0   0   0   0   0   0   0   0   0   0   0   0   0   0   0   0   0   0   0   0   0   0   0   0   0   0   0
8637   9213  21 Jul 20  23:57:00  1  0  5  0  Ct  0  0   0   0   0   0   0   0   0   0   0   0   0   0   0   0   0   0   0   0   0   0   0   0   0   0   0   0   0   0   0   0   0   0
8638   9214  21 Jul 20  23:58:00  1  0  5  0  Ct  0  0   0   0   0   0   0   0   0   0   0   0   1   0   0   0   0   0   0   0   0   0   0   0   0   0   0   0   0   0   0   0   0   0
8639   9215  21 Jul 20  23:59:00  1  0  5  0  Ct  0  0   0   0   0   0   0   0   0   0   0   0   0   0   0   0   0   0   0   0   0   0   0   0   0   0   0   0   0   0   0   0   0   0

[8640 rows x 42 columns]
      Index       Date      Time  3  4  5  6   7  8  9  10  11  12  13  14  15  16  17  18  19  20  21  22  23  24  25  26  27  28  29  30  31  32  33  34  35  36  37  38  39  40  41
0       576  16 Jul 20  00:00:00  1  0  6  0  Ct  0  0   0   0   0   0   0   3   0   0   0   0   0   0   0   0   0   0   0   0   0   0   0   0   0   0   0   0   0   0   0   0   0   0
1       577  16 Jul 20  00:01:00  1  0  6  0  Ct  0  0   0   0   0   0   0   0   0   0   0   0   0   0   0   0   0   0   0   0   0   0   0   0   0   0   0   0   0   0   0   0   0   0
2       578  16 Jul 20  00:02:00  1  0  6  0  Ct  0  0   0   0   0   0   0   1   0   0   0   0   0   0   0   0   0   0   0   0   0   0   0   0   0   0   0   0   0   0   0   0   0   0
3       579  16 Jul 20  00:03:00  1  0  6  0  Ct  0  0   0   0   0   0   0   3   0   0   0   0   0   0   0   0   0   0   0   0   0   0   0   0   0   0   0   0   0   0   0   0   0   0
4       580  16 Jul 20  00:04:00  1  0  6  0  Ct  0  0   0   0   0   0   0   2   1   0   0   0   0   0   0   0   0   0   0   0   0   0   0   0   0   0   0   0   0   0   0   0   0   0
...     ...        ...       ... .. .. .. ..  .. .. ..  ..  ..  ..  ..  ..  ..  ..  ..  ..  ..  ..  ..  ..  ..  ..  ..  ..  ..  ..  ..  ..  ..  ..  ..  ..  ..  ..  ..  ..  ..  ..  ..
8635   9211  21 Jul 20  23:55:00  1  0  6  0  Ct  0  0   0   8   0   0   0   0   0   0   0   0   0   0   0   0   0   0   0   0   0   0   0   0   0   0   0   0   0   0   0   0   0   0
8636   9212  21 Jul 20  23:56:00  1  0  6  0  Ct  0  0   0   6   0   0   0   0   0   0   0   0   0   0   0   0   0   1   0   0  17   0   0   0   0   0   0   0   0   0   0   0   0   0
8637   9213  21 Jul 20  23:57:00  1  0  6  0  Ct  0  0   0  15   0   0   0   0   0   0   0   0   0   4   0   0   0   0   0   0   0   0   0   0   1   0   0   0   0   0   0   0   0   0
8638   9214  21 Jul 20  23:58:00  1  0  6  0  Ct  0  0   0   0   0   0   0   0   0   0   0   0   0   3   0   0   0   1   0   0   0   0   0   0   0   0   0   0   0   0   0   0   0   0
8639   9215  21 Jul 20  23:59:00  1  0  6  0  Ct  0  0   0   0   0   0   0   0   0   0   0   0   0   3   0   0   0   1   1   0   0   0   0   0   0   0   0   0   1   0   0   0   0   0

[8640 rows x 42 columns]
      Index       Date      Time  3  4  5  6   7  8  9  10  11  12  13  14  15  16  17  18  19  20  21  22  23  24  25  26  27  28  29  30  31  32  33  34  35  36  37  38  39  40  41
0       576  16 Jul 20  00:00:00  1  0  7  0  Ct  0  0   0   4   0   1   0   0   0   0   0   0   1   0   0   0   0   0   0   0   0   0   0   0   0   0   0   0   0   0   0   2   0   0
1       577  16 Jul 20  00:01:00  1  0  7  0  Ct  0  0   0   2   0   2   0   0   0   0   0   0   0   0   0   0   0   0   0   0  10   0   0   0   0   0   0   0   0   0   0   4   0   0
2       578  16 Jul 20  00:02:00  1  0  7  0  Ct  0  0   0   2   0   2   0   0   0   0   0   0   0   0   0   0   0   0   0   0  13   0   0   0   0   0   0   0   0   0   0   3   0   0
3       579  16 Jul 20  00:03:00  1  0  7  0  Ct  0  0   0   0   0   0   0   0   0   0   0   0   0   0   0   0   0   0   0   0  15   0   0   0   0   0   0   0   0   0   0   0   0   0
4       580  16 Jul 20  00:04:00  1  0  7  0  Ct  0  0   0   1   0   1   0   0   0   0   0   0   0   0   0   0   0   0   0   0   3   0   0   0   0   0   0   0   0   0   0   0   0   0
...     ...        ...       ... .. .. .. ..  .. .. ..  ..  ..  ..  ..  ..  ..  ..  ..  ..  ..  ..  ..  ..  ..  ..  ..  ..  ..  ..  ..  ..  ..  ..  ..  ..  ..  ..  ..  ..  ..  ..  ..
8635   9211  21 Jul 20  23:55:00  1  0  7  0  Ct  0  0   0   0   0   0   0   0   0   0   0   0   0   0   0   0   0   0   0   0   0   0   0   0   0   0   0   0   0   0   0   0   0   0
8636   9212  21 Jul 20  23:56:00  1  0  7  0  Ct  0  0   0   0   0   0   0   0   0   0   0   0   0   0   0   0   0   0   0   0   0   0   0   0   0   0   0   0   0   0   0   0   0   0
8637   9213  21 Jul 20  23:57:00  1  0  7  0  Ct  0  0   0   0   0   0   0   0   0   0   0   0   0   0   0   0   0   0   0   0   0   0   0   0   0   0   0   0   0   0   0   0   0   0
8638   9214  21 Jul 20  23:58:00  1  0  7  0  Ct  0  0   0   0   0   0   0   0   0   0   0   0   0   0   0   0   0   0   0   0   0   0   0   0   0   0   0   0   0   0   0   0   0   0
8639   9215  21 Jul 20  23:59:00  1  0  7  0  Ct  0  0   0   0   0   0   0   0   0   0   0   0   0   0   0   0   0   0   0   0   0   0   0   0   0   0   0   0   0   0   0   0   0   0

[8640 rows x 42 columns]
      Index       Date      Time  3  4  5  6   7  8  9  10  11  12  13  14  15  16  17  18  19  20  21  22  23  24  25  26  27  28  29  30  31  32  33  34  35  36  37  38  39  40  41
0       576  16 Jul 20  00:00:00  1  0  8  0  Ct  0  0   0   0   0   0   0   0   0   0   0   0   0   0   0   0   0   0   0   0   0   0   0   0   0   0   0   0   0   0   0   0   0   0
1       577  16 Jul 20  00:01:00  1  0  8  0  Ct  0  0   0   0   0   0   0   0   0   0   0   0   0   0   0   0   0   0   0   0   0   0   0   0   0   0   0   0   0   0   0   0   0   0
2       578  16 Jul 20  00:02:00  1  0  8  0  Ct  0  0   0   0   0   0   0   0   0   0   0   0   0   0   0   0   0   0   0   0   0   0   0   0   0   0   0   0   0   0   0   0   0   0
3       579  16 Jul 20  00:03:00  1  0  8  0  Ct  0  0   0   0   0   0   0   0   0   0   0   0   0   0   0   0   0   0   0   0   0   0   0   0   1   0   0   0   0   0   0   0   0   0
4       580  16 Jul 20  00:04:00  1  0  8  0  Ct  0  0   0   0   0   0   0   0   0   0   0   0   0   0   0   0   0   0   0   0   0   0   0   0   0   0   0   0   0   0   0   0   0   0
...     ...        ...       ... .. .. .. ..  .. .. ..  ..  ..  ..  ..  ..  ..  ..  ..  ..  ..  ..  ..  ..  ..  ..  ..  ..  ..  ..  ..  ..  ..  ..  ..  ..  ..  ..  ..  ..  ..  ..  ..
8635   9211  21 Jul 20  23:55:00  1  0  8  0  Ct  0  0   0   0   2   0   6   0   0   0   0   0   0   0   0   0   0   0   0   0   0   0   0   0   2   0   0   0   0   0   0   0   0   0
8636   9212  21 Jul 20  23:56:00  1  0  8  0  Ct  0  0   0   0   0   0   0   0   0   0   0   0   0   0   0   0   0   0   0   0   0   0   0   0   4   0   0   0   0   0   0   0   0   0
8637   9213  21 Jul 20  23:57:00  1  0  8  0  Ct  0  0   0   0   0   0   0   0   0   0   0   0   0   0   0   0   0   0   0   0   0   0   0   0   0   0   0   0   0   0   0   0   0   0
8638   9214  21 Jul 20  23:58:00  1  0  8  0  Ct  0  0   0   0   0   0   0   0   0   0   0   0   0   0   0   0   0   0   0   0   0   0   0   0   1   0   0   0   0   0   0   0   0   0
8639   9215  21 Jul 20  23:59:00  1  0  8  0  Ct  0  0   0   0   0   0   0   0   0   0   0   0   0   0   0   0   0   0   0   0   0   0   0   0   0   0   0   0   0   0   0   0   0   0

[8640 rows x 42 columns]
      Index       Date      Time  3  4  5  6   7  8  9  10  11  12  13  14  15  16  17  18  19  20  21  22  23  24  25  26  27  28  29  30  31  32  33  34  35  36  37  38  39  40  41
0       576  16 Jul 20  00:00:00  1  0  9  0  Ct  0  0   0   0   0   0   0   0   0   0   0   0   0   0   0   0   0   0   0   0   0   0   0   0   0   0   0   0   0   0   0   0   0   0
1       577  16 Jul 20  00:01:00  1  0  9  0  Ct  0  0   0   0   0   0   0   0   0   0   0   0   0   0   0   0   0   0   0   0   0   0   0   0   0   0   0   0   0   0   0   3   0   0
2       578  16 Jul 20  00:02:00  1  0  9  0  Ct  0  0   0   0   0   0   0   0   0   0   0   0   0   0   0   0   0   0   0   0   0   0   0   0   0   0   0   0   0   0   0  11   0   0
3       579  16 Jul 20  00:03:00  1  0  9  0  Ct  0  0   0   0   0   0   0   0   0   0   0   0   0   0   0   0   0   0   0   0   0   0   0   0   0   0   0   0   0   0   0   0   0   0
4       580  16 Jul 20  00:04:00  1  0  9  0  Ct  0  0   0   0   0   0   0   0   0   0   0   0   0   0   0   0   7   0   0   0   0   0   0   0   0   0   0   0   0   0   0   0   0   0
...     ...        ...       ... .. .. .. ..  .. .. ..  ..  ..  ..  ..  ..  ..  ..  ..  ..  ..  ..  ..  ..  ..  ..  ..  ..  ..  ..  ..  ..  ..  ..  ..  ..  ..  ..  ..  ..  ..  ..  ..
8635   9211  21 Jul 20  23:55:00  1  0  9  0  Ct  0  0   0   0   0   0   0   0   0   0   0   0   0   0   0   0   0   0   0   0   0   0   0   0   0   0   0   0   0   0   0   0   0   0
8636   9212  21 Jul 20  23:56:00  1  0  9  0  Ct  0  0   0   0   0   0   0   0   0   0   0   0   0   0   0   0   0   0   0   0   0   0   0   0   0   0   0   0   0   0   0   0   0   0
8637   9213  21 Jul 20  23:57:00  1  0  9  0  Ct  0  0   0   0   0   0   0   0   0   0   0   0   0   0   0   0   0   0   0   0   0   0   0   0   0   0   0   0   0   0   0   0   0   0
8638   9214  21 Jul 20  23:58:00  1  0  9  0  Ct  0  0   0   0   0   0   0   0   0   0   0   0   0   0   0   0   0   0   0   0   0   0   0   0   0   0   0   0   0   0   0   0   0   0
8639   9215  21 Jul 20  23:59:00  1  0  9  0  Ct  0  0   0   0   0   0   0   0   0   0   0   0   0   0   0   0   0   0   0   0   0   0   0   0   0   0   0   0   0   0   0   0   0   0

[8640 rows x 42 columns]
