      Index       Date      Time  3  4   5  6   7  8  9  10  11  12  13  14  15  16  17  18  19  20  21  22  23  24  25  26  27  28  29  30  31  32  33  34  35  36  37  38  39  40  41
0     12048  31 Oct 21  00:00:00  1  0  10  0  Ct  0  0   0   0   0   0   0   0   0   0   0   0   0   0   0   0   0   0   0   0   0   0   0   0   0   0   2   0   0   0   0   0   0   0
1     12049  31 Oct 21  00:01:00  1  0  10  0  Ct  0  0   0   0   0   0   0   0   0   0   0   0   0   0   0   0   0   0   0   0   0   0   0   0   0   0   1   4   0   0   0   0   0   0
2     12050  31 Oct 21  00:02:00  1  0  10  0  Ct  0  0   0   0   0   0   0   0   0   0   0   0   0   0   0   0   0   0   0   0   0   0   0   0   0   0   2   0   0   0   0   0   0   0
3     12051  31 Oct 21  00:03:00  1  0  10  0  Ct  0  0   0   0   0   0   0   0   0   0   0   0   0   0   1   0   0   0   0   0   0   0   0   0   0   0   8   0   2   0   0   0   0   0
4     12052  31 Oct 21  00:04:00  1  0  10  0  Ct  0  0   0   0   0   0   0   0   0   0   0   0   0   0   4   0   0   0   0   0   0   0   0   0   0   0   0   0   0   0   0   0   0   0
...     ...        ...       ... .. ..  .. ..  .. .. ..  ..  ..  ..  ..  ..  ..  ..  ..  ..  ..  ..  ..  ..  ..  ..  ..  ..  ..  ..  ..  ..  ..  ..  ..  ..  ..  ..  ..  ..  ..  ..  ..
2875  14923   1 Nov 21  23:55:00  1  0  10  0  Ct  0  0   0   0   0   0   0   0   0   0   0   0   0   0   0   0   0   0   0   0   0   0   0   0   0   3   0   0   0   0   0   0   0   0
2876  14924   1 Nov 21  23:56:00  1  0  10  0  Ct  0  0   0   0   0   0   0   0   0   0   0   0   0   0   0   0   0   0   0   0   0   0   0   0   0   0   0   0   0   0   0   0   0   0
2877  14925   1 Nov 21  23:57:00  1  0  10  0  Ct  0  0   0   0   0   0   0   0   0   0   0   0   0   0   0   0   0   0   0   0   0   0   0   0   0   0   0   0   0   0   0   0   0   0
2878  14926   1 Nov 21  23:58:00  1  0  10  0  Ct  0  0   0   0   0   0   0   0   0   0   0   0   0   0   0   0   0   0   0   0   0   0   0   0   0   0   0   0   0   0   0   0   0   0
2879  14927   1 Nov 21  23:59:00  1  0  10  0  Ct  0  0   0   0   0   0   0   0   0   0   0   0   0   0   0   0   0   0   0   0   0   0   0   0   0   0   0   0   0   0   0   0   0   0

[2880 rows x 42 columns]
      Index       Date      Time  3  4   5  6   7  8  9  10  11  12  13  14  15  16  17  18  19  20  21  22  23  24  25  26  27  28  29  30  31  32  33  34  35  36  37  38  39  40  41
0     12048  31 Oct 21  00:00:00  1  0  12  0  Ct  0  0   0   0   0   0   0   0   0   0   0   0   0   0   0   0   0   0   0   0   0   0   0   0   0   0   0   0   0   0   0   0   0   0
1     12049  31 Oct 21  00:01:00  1  0  12  0  Ct  0  0   0   0   0   0   0   0   0   0   0   0   0   0   0   0   0   0   0   0   0   0   0   0   0   0   0   0   0   0   0   0   0   0
2     12050  31 Oct 21  00:02:00  1  0  12  0  Ct  0  0   0   0   0   0   0   0   0   0   0   0   0   0   0   0   0   0   0   0   0   0   0   0   0   0   0   0   0   0   0   0   0   0
3     12051  31 Oct 21  00:03:00  1  0  12  0  Ct  0  0   0   0   0   0   0   0   0   0   0   0   0   0   0   0   0   0   0   0   0   0   0   0   0   0   0   0   0   0   0   0   0   0
4     12052  31 Oct 21  00:04:00  1  0  12  0  Ct  0  0   0   0   0   0   0   0   0   0   0   0   0   0   0   0   0   0   0   0   0   0   0   0   0   0   0   0   0   0   0   0   0   0
...     ...        ...       ... .. ..  .. ..  .. .. ..  ..  ..  ..  ..  ..  ..  ..  ..  ..  ..  ..  ..  ..  ..  ..  ..  ..  ..  ..  ..  ..  ..  ..  ..  ..  ..  ..  ..  ..  ..  ..  ..
2875  14923   1 Nov 21  23:55:00  1  0  12  0  Ct  0  0   0   0   0   0   0   0   0   0   0   0   0   0   0   2   0   0   0   0   0   0   0   0   0   0   0   0   0   0   0   0   0   0
2876  14924   1 Nov 21  23:56:00  1  0  12  0  Ct  0  0   0   0   0   0   0   0   0   0   0   0   0   0   0   1   0   0   0   0   0   0   0   0   0   0   0   0   0   0   0   0   0   0
2877  14925   1 Nov 21  23:57:00  1  0  12  0  Ct  0  0   0   0   0   0   0   0   0   0   0   0   0   0   0   0   0   0   0   0   0   0   0   0   0   0   0   0   0   0   0   0   0   0
2878  14926   1 Nov 21  23:58:00  1  0  12  0  Ct  0  0   0   0   0   0   0   0   0   0   0   0   0   0   0   0   0   0   0   0   0   0   0   0   0   0   0   0   0   0   0   0   0   0
2879  14927   1 Nov 21  23:59:00  1  0  12  0  Ct  0  0   0   0   0   0   0   0   0   0   0   0   0   0   0   2   0   0   0   0   0   0   0   0   0   0   0   0   0   0   0   0   0   0

[2880 rows x 42 columns]
