Remove Dead Flies
      Unnamed: 0  Condition             Channel Light_cycle        date  bout_length
54            55  67422_M_1   adj_Monitor1_ch10          LD  2021-04-03            0
55            56  67422_M_1   adj_Monitor1_ch10          LD  2021-04-04            0
56            57  67422_M_1   adj_Monitor1_ch10          LD  2021-04-05            0
57            58  67422_M_1   adj_Monitor1_ch10          LD  2021-04-06            0
58            59  67422_M_1   adj_Monitor1_ch10          LD  2021-04-07            0
...          ...        ...                 ...         ...         ...          ...
4405        4406  55690_M_1  adj_Monitor75_ch31          LD  2021-04-04            0
4406        4407  55690_M_1  adj_Monitor75_ch31          LD  2021-04-05            0
4407        4408  55690_M_1  adj_Monitor75_ch31          LD  2021-04-06            0
4408        4409  55690_M_1  adj_Monitor75_ch31          LD  2021-04-07            0
4409        4410  55690_M_1  adj_Monitor75_ch31          LD  2021-04-08            0

[65 rows x 6 columns]
Ind_day_night_sleep_nodead.csv
              Channel Light_status  mean_sleep_per_ind     No Sex Rep
0   adj_Monitor20_ch8          Day            0.806713  57713   M   1
1  adj_Monitor72_ch25          Day            0.512731  66945   F   1
2   adj_Monitor75_ch4          Day            0.727083  55690   M   1
3   adj_Monitor67_ch6          Day            0.282639  57713   F   1
4    adj_Monitor1_ch1          Day            0.872917  67422   M   1
5  adj_Monitor60_ch21          Day            0.844907  66945   M   1
6  adj_Monitor16_ch18          Day            0.487037  67422   F   1
7   adj_Monitor1_ch28          Day            0.750463  67422   M   1
8  adj_Monitor77_ch23          Day            0.468287  64498   F   1
9    adj_Monitor6_ch2          Day            0.356944  53328   F   1
Ind_day_sleep_nodead.csv
              Channel Light_status  mean_sleep_per_ind     No Sex Rep
0   adj_Monitor20_ch8          Day            0.806713  57713   M   1
1  adj_Monitor72_ch25          Day            0.512731  66945   F   1
2   adj_Monitor75_ch4          Day            0.727083  55690   M   1
3   adj_Monitor67_ch6          Day            0.282639  57713   F   1
4    adj_Monitor1_ch1          Day            0.872917  67422   M   1
5  adj_Monitor60_ch21          Day            0.844907  66945   M   1
6  adj_Monitor16_ch18          Day            0.487037  67422   F   1
7   adj_Monitor1_ch28          Day            0.750463  67422   M   1
8  adj_Monitor77_ch23          Day            0.468287  64498   F   1
9    adj_Monitor6_ch2          Day            0.356944  53328   F   1
Ind_night_sleep_nodead.csv
                Channel Light_status  mean_sleep_per_ind     No Sex Rep
768   adj_Monitor5_ch16        Night            0.909175  80387   F   1
769  adj_Monitor72_ch31        Night            0.944161  66945   F   1
770  adj_Monitor22_ch13        Night            0.967794  64498   M   1
771  adj_Monitor17_ch26        Night            0.945320  82983   M   1
772   adj_Monitor58_ch1        Night            0.936284  62872   F   1
773   adj_Monitor6_ch12        Night            0.933503  53328   F   1
774  adj_Monitor75_ch16        Night            0.925162  55690   M   1
776  adj_Monitor16_ch15        Night            0.906163  67422   F   1
777   adj_Monitor72_ch4        Night            0.962697  66945   F   1
778   adj_Monitor2_ch23        Night            0.938137  53328   M   1
Ind_sleep_bout_nodead_counts_compiled.csv
                 Channel  Bout_Count     No Sex Rep
0      adj_Monitor15_ch1   18.333333  57380   M   1
318   adj_Monitor15_ch10   10.166667  57380   M   1
480   adj_Monitor15_ch11   12.666667  57380   M   1
662   adj_Monitor15_ch12    8.500000  57380   M   1
808   adj_Monitor15_ch13   19.333333  57380   M   1
1148  adj_Monitor15_ch14    9.500000  57380   M   1
1304  adj_Monitor15_ch15   17.333333  57380   M   1
1578  adj_Monitor15_ch16   20.666667  57380   M   1
1916  adj_Monitor15_ch17   18.000000  57380   M   1
2220  adj_Monitor15_ch18   12.166667  57380   M   1
Ind_sleep_bout_nodead_bout_counts_day_compiled.csv
                 Channel  Bout_Count     No Sex Rep
0      adj_Monitor15_ch1   14.833333  57380   M   1
318   adj_Monitor15_ch10    7.166667  57380   M   1
480   adj_Monitor15_ch11    7.166667  57380   M   1
662   adj_Monitor15_ch12    6.833333  57380   M   1
808   adj_Monitor15_ch13   14.500000  57380   M   1
1148  adj_Monitor15_ch14    5.333333  57380   M   1
1304  adj_Monitor15_ch15   11.666667  57380   M   1
1578  adj_Monitor15_ch16   16.666667  57380   M   1
1916  adj_Monitor15_ch17   12.166667  57380   M   1
2220  adj_Monitor15_ch18    8.666667  57380   M   1
Ind_sleep_bout_nodead_counts_night_compiled.csv
                 Channel  Bout_Count     No Sex Rep
0      adj_Monitor15_ch1    3.500000  57380   M   1
318   adj_Monitor15_ch10    3.000000  57380   M   1
480   adj_Monitor15_ch11    5.500000  57380   M   1
662   adj_Monitor15_ch12    1.666667  57380   M   1
808   adj_Monitor15_ch13    4.833333  57380   M   1
1148  adj_Monitor15_ch14    4.166667  57380   M   1
1304  adj_Monitor15_ch15    5.666667  57380   M   1
1578  adj_Monitor15_ch16    4.000000  57380   M   1
1916  adj_Monitor15_ch17    5.833333  57380   M   1
2220  adj_Monitor15_ch18    3.500000  57380   M   1
Ind_activity_bout_nodead_counts_compiled.csv
                 Channel  Bout_Count     No Sex Rep
0      adj_Monitor15_ch1   26.500000  57380   M   1
318   adj_Monitor15_ch10   13.500000  57380   M   1
480   adj_Monitor15_ch11   15.166667  57380   M   1
662   adj_Monitor15_ch12   12.166667  57380   M   1
808   adj_Monitor15_ch13   28.333333  57380   M   1
1148  adj_Monitor15_ch14   13.000000  57380   M   1
1304  adj_Monitor15_ch15   22.833333  57380   M   1
1578  adj_Monitor15_ch16   28.166667  57380   M   1
1916  adj_Monitor15_ch17   25.333333  57380   M   1
2220  adj_Monitor15_ch18   18.166667  57380   M   1
Ind_activity_bout_nodead_counts_day_compiled.csv
                 Channel  Bout_Count     No Sex Rep
0      adj_Monitor15_ch1   23.500000  57380   M   1
318   adj_Monitor15_ch10   10.666667  57380   M   1
480   adj_Monitor15_ch11    9.833333  57380   M   1
662   adj_Monitor15_ch12   10.833333  57380   M   1
808   adj_Monitor15_ch13   23.500000  57380   M   1
1148  adj_Monitor15_ch14    9.000000  57380   M   1
1304  adj_Monitor15_ch15   17.000000  57380   M   1
1578  adj_Monitor15_ch16   24.333333  57380   M   1
1916  adj_Monitor15_ch17   19.166667  57380   M   1
2220  adj_Monitor15_ch18   14.166667  57380   M   1
Ind_activity_bout_nodead_counts_night_compiled.csv
                 Channel  Bout_Count     No Sex Rep
0      adj_Monitor15_ch1    3.000000  57380   M   1
318   adj_Monitor15_ch10    2.833333  57380   M   1
480   adj_Monitor15_ch11    5.333333  57380   M   1
662   adj_Monitor15_ch12    1.333333  57380   M   1
808   adj_Monitor15_ch13    4.833333  57380   M   1
1148  adj_Monitor15_ch14    4.000000  57380   M   1
1304  adj_Monitor15_ch15    5.833333  57380   M   1
1578  adj_Monitor15_ch16    3.833333  57380   M   1
1916  adj_Monitor15_ch17    6.166667  57380   M   1
2220  adj_Monitor15_ch18    4.000000  57380   M   1
Ind_sleep_bout_nodead_boutlength5_compiled.csv
               Channel  bout_length     No Sex Rep
0    adj_Monitor15_ch1    51.509091  57380   M   1
2   adj_Monitor15_ch10   120.540984  57380   M   1
4   adj_Monitor15_ch11    87.000000  57380   M   1
6   adj_Monitor15_ch12   143.686275  57380   M   1
8   adj_Monitor15_ch13    51.767241  57380   M   1
10  adj_Monitor15_ch14   123.122807  57380   M   1
12  adj_Monitor15_ch15    61.846154  57380   M   1
14  adj_Monitor15_ch16    50.653226  57380   M   1
16  adj_Monitor15_ch17    58.546296  57380   M   1
18  adj_Monitor15_ch18    93.273973  57380   M   1
Ind_sleep_bout_nodead_boutlength5_night_compiled.csv
               Channel  bout_length     No Sex Rep
0    adj_Monitor15_ch1   162.142857  57380   M   1
2   adj_Monitor15_ch10   205.000000  57380   M   1
4   adj_Monitor15_ch11   113.060606  57380   M   1
6   adj_Monitor15_ch12   386.200000  57380   M   1
8   adj_Monitor15_ch13   124.206897  57380   M   1
10  adj_Monitor15_ch14   161.960000  57380   M   1
12  adj_Monitor15_ch15   109.411765  57380   M   1
14  adj_Monitor15_ch16   155.291667  57380   M   1
16  adj_Monitor15_ch17   103.314286  57380   M   1
18  adj_Monitor15_ch18   182.333333  57380   M   1
Ind_sleep_bout_nodead_boutlength5_day_compiled.csv
               Channel  bout_length     No Sex Rep
0    adj_Monitor15_ch1    25.404494  57380   M   1
2   adj_Monitor15_ch10    85.186047  57380   M   1
4   adj_Monitor15_ch11    67.000000  57380   M   1
6   adj_Monitor15_ch12    84.536585  57380   M   1
8   adj_Monitor15_ch13    27.620690  57380   M   1
10  adj_Monitor15_ch14    92.781250  57380   M   1
12  adj_Monitor15_ch15    38.742857  57380   M   1
14  adj_Monitor15_ch16    25.540000  57380   M   1
16  adj_Monitor15_ch17    37.082192  57380   M   1
18  adj_Monitor15_ch18    57.307692  57380   M   1
Ind_activity_bout_nodead_compiled.csv
               Channel  bout_length     No Sex Rep
0    adj_Monitor15_ch1    13.597484  57380   M   1
2   adj_Monitor15_ch10     9.222222  57380   M   1
4   adj_Monitor15_ch11    19.000000  57380   M   1
6   adj_Monitor15_ch12    11.534247  57380   M   1
8   adj_Monitor15_ch13    12.058824  57380   M   1
10  adj_Monitor15_ch14    19.641026  57380   M   1
12  adj_Monitor15_ch15    13.109489  57380   M   1
14  adj_Monitor15_ch16    11.029586  57380   M   1
16  adj_Monitor15_ch17    12.486842  57380   M   1
18  adj_Monitor15_ch18    13.330275  57380   M   1
Ind_activity_bout_nodead_day_compiled.csv
               Channel  bout_length     No Sex Rep
0    adj_Monitor15_ch1    14.297872  57380   M   1
2   adj_Monitor15_ch10     9.984375  57380   M   1
4   adj_Monitor15_ch11    24.644068  57380   M   1
6   adj_Monitor15_ch12    10.476923  57380   M   1
8   adj_Monitor15_ch13    13.049645  57380   M   1
10  adj_Monitor15_ch14    24.129630  57380   M   1
12  adj_Monitor15_ch15    14.990196  57380   M   1
14  adj_Monitor15_ch16    11.506849  57380   M   1
16  adj_Monitor15_ch17    13.313043  57380   M   1
18  adj_Monitor15_ch18    14.588235  57380   M   1
Ind_activity_bout_nodead_night_compiled.csv
               Channel  bout_length     No Sex Rep
0    adj_Monitor15_ch1     8.111111  57380   M   1
2   adj_Monitor15_ch10     6.352941  57380   M   1
4   adj_Monitor15_ch11     8.593750  57380   M   1
6   adj_Monitor15_ch12    20.125000  57380   M   1
8   adj_Monitor15_ch13     7.241379  57380   M   1
10  adj_Monitor15_ch14     9.541667  57380   M   1
12  adj_Monitor15_ch15     7.628571  57380   M   1
14  adj_Monitor15_ch16     8.000000  57380   M   1
16  adj_Monitor15_ch17     9.918919  57380   M   1
18  adj_Monitor15_ch18     8.875000  57380   M   1
Ind_daily_locomotor_activity_data_nodead_compiled.csv
                 Channel     Activity     No Sex Rep
96    adj_Monitor16_ch24  1137.333333  67422   F   1
1362  adj_Monitor77_ch31  1133.666667  64498   F   1
164   adj_Monitor17_ch27  1085.833333  82983   M   1
1322  adj_Monitor77_ch13  1065.666667  64498   F   1
870     adj_Monitor5_ch7  1012.500000  80387   F   1
686    adj_Monitor56_ch7   999.500000  62872   M   1
28    adj_Monitor15_ch22   998.666667  57380   M   1
346   adj_Monitor20_ch24   992.500000  57713   M   1
426   adj_Monitor22_ch32   986.833333  64498   M   1
80    adj_Monitor16_ch17   961.000000  67422   F   1
